{"C:\\Sources\\desafio.bossabox\\src\\api.ts": {"path":"C:\\Sources\\desafio.bossabox\\src\\api.ts","statementMap":{"0":{"start":{"line":1,"column":13},"end":{"line":7,"column":null}}},"fnMap":{},"branchMap":{},"s":{"0":1},"f":{},"b":{}}
,"C:\\Sources\\desafio.bossabox\\src\\app.controller.ts": {"path":"C:\\Sources\\desafio.bossabox\\src\\app.controller.ts","statementMap":{"0":{"start":{"line":1,"column":0},"end":{"line":1,"column":49}},"1":{"start":{"line":2,"column":0},"end":{"line":2,"column":43}},"2":{"start":{"line":5,"column":0},"end":{"line":12,"column":null}},"3":{"start":{"line":6,"column":31},"end":{"line":6,"column":43}},"4":{"start":{"line":10,"column":4},"end":{"line":10,"column":39}},"5":{"start":{"line":9,"column":2},"end":{"line":11,"column":null}},"6":{"start":{"line":5,"column":13},"end":{"line":12,"column":null}},"7":{"start":{"line":5,"column":13},"end":{"line":5,"column":26}}},"fnMap":{"0":{"name":"(anonymous_2)","decl":{"start":{"line":6,"column":2},"end":{"line":6,"column":31}},"loc":{"start":{"line":6,"column":53},"end":{"line":6,"column":58}}},"1":{"name":"(anonymous_3)","decl":{"start":{"line":9,"column":2},"end":{"line":9,"column":11}},"loc":{"start":{"line":9,"column":11},"end":{"line":11,"column":3}}}},"branchMap":{},"s":{"0":1,"1":1,"2":1,"3":1,"4":1,"5":1,"6":1,"7":1},"f":{"0":1,"1":1},"b":{}}
,"C:\\Sources\\desafio.bossabox\\src\\app.service.ts": {"path":"C:\\Sources\\desafio.bossabox\\src\\app.service.ts","statementMap":{"0":{"start":{"line":1,"column":0},"end":{"line":1,"column":44}},"1":{"start":{"line":2,"column":0},"end":{"line":2,"column":28}},"2":{"start":{"line":5,"column":0},"end":{"line":9,"column":null}},"3":{"start":{"line":7,"column":4},"end":{"line":7,"column":15}},"4":{"start":{"line":5,"column":13},"end":{"line":9,"column":null}},"5":{"start":{"line":5,"column":13},"end":{"line":5,"column":23}}},"fnMap":{"0":{"name":"(anonymous_1)","decl":{"start":{"line":6,"column":2},"end":{"line":6,"column":11}},"loc":{"start":{"line":6,"column":11},"end":{"line":8,"column":3}}}},"branchMap":{},"s":{"0":1,"1":1,"2":1,"3":1,"4":1,"5":1},"f":{"0":1},"b":{}}
,"C:\\Sources\\desafio.bossabox\\src\\tool\\tool.controller.ts": {"path":"C:\\Sources\\desafio.bossabox\\src\\tool\\tool.controller.ts","statementMap":{"0":{"start":{"line":1,"column":0},"end":{"line":1,"column":83}},"1":{"start":{"line":2,"column":0},"end":{"line":2,"column":45}},"2":{"start":{"line":4,"column":0},"end":{"line":4,"column":37}},"3":{"start":{"line":7,"column":0},"end":{"line":25,"column":null}},"4":{"start":{"line":8,"column":33},"end":{"line":8,"column":42}},"5":{"start":{"line":12,"column":22},"end":{"line":12,"column":47}},"6":{"start":{"line":13,"column":8},"end":{"line":13,"column":21}},"7":{"start":{"line":18,"column":8},"end":{"line":18,"column":41}},"8":{"start":{"line":23,"column":8},"end":{"line":23,"column":32}},"9":{"start":{"line":11,"column":4},"end":{"line":14,"column":null}},"10":{"start":{"line":17,"column":4},"end":{"line":19,"column":null}},"11":{"start":{"line":22,"column":4},"end":{"line":24,"column":null}},"12":{"start":{"line":7,"column":13},"end":{"line":25,"column":null}},"13":{"start":{"line":7,"column":13},"end":{"line":7,"column":27}}},"fnMap":{"0":{"name":"(anonymous_4)","decl":{"start":{"line":8,"column":4},"end":{"line":8,"column":33}},"loc":{"start":{"line":8,"column":53},"end":{"line":8,"column":58}}},"1":{"name":"(anonymous_5)","decl":{"start":{"line":11,"column":4},"end":{"line":11,"column":9}},"loc":{"start":{"line":11,"column":43},"end":{"line":14,"column":5}}},"2":{"name":"(anonymous_6)","decl":{"start":{"line":17,"column":4},"end":{"line":17,"column":9}},"loc":{"start":{"line":17,"column":38},"end":{"line":19,"column":5}}},"3":{"name":"(anonymous_7)","decl":{"start":{"line":22,"column":4},"end":{"line":22,"column":9}},"loc":{"start":{"line":22,"column":40},"end":{"line":24,"column":5}}}},"branchMap":{},"s":{"0":1,"1":1,"2":1,"3":1,"4":3,"5":2,"6":2,"7":0,"8":0,"9":1,"10":1,"11":1,"12":1,"13":1},"f":{"0":3,"1":2,"2":0,"3":0},"b":{}}
,"C:\\Sources\\desafio.bossabox\\src\\tool\\tool.dto.ts": {"path":"C:\\Sources\\desafio.bossabox\\src\\tool\\tool.dto.ts","statementMap":{"0":{"start":{"line":1,"column":0},"end":{"line":1,"column":46}},"1":{"start":{"line":6,"column":4},"end":{"line":6,"column":null}},"2":{"start":{"line":9,"column":4},"end":{"line":9,"column":null}},"3":{"start":{"line":12,"column":4},"end":{"line":12,"column":null}},"4":{"start":{"line":15,"column":4},"end":{"line":15,"column":null}},"5":{"start":{"line":3,"column":0},"end":{"line":3,"column":13}}},"fnMap":{},"branchMap":{},"s":{"0":1,"1":1,"2":1,"3":1,"4":1,"5":1},"f":{},"b":{}}
,"C:\\Sources\\desafio.bossabox\\src\\tool\\tool.service.factory.ts": {"path":"C:\\Sources\\desafio.bossabox\\src\\tool\\tool.service.factory.ts","statementMap":{"0":{"start":{"line":1,"column":13},"end":{"line":4,"column":2}},"1":{"start":{"line":9,"column":8},"end":{"line":10,"column":31}},"2":{"start":{"line":10,"column":12},"end":{"line":10,"column":31}},"3":{"start":{"line":12,"column":8},"end":{"line":12,"column":24}},"4":{"start":{"line":6,"column":0},"end":{"line":6,"column":13}}},"fnMap":{"0":{"name":"(anonymous_0)","decl":{"start":{"line":8,"column":4},"end":{"line":8,"column":11}},"loc":{"start":{"line":8,"column":23},"end":{"line":13,"column":5}}}},"branchMap":{"0":{"loc":{"start":{"line":9,"column":8},"end":{"line":10,"column":31}},"type":"if","locations":[{"start":{"line":9,"column":8},"end":{"line":10,"column":31}},{"start":{"line":9,"column":8},"end":{"line":10,"column":31}}]}},"s":{"0":1,"1":2,"2":1,"3":1,"4":1},"f":{"0":2},"b":{"0":[1,1]}}
,"C:\\Sources\\desafio.bossabox\\src\\tool\\tool.service.ts": {"path":"C:\\Sources\\desafio.bossabox\\src\\tool\\tool.service.ts","statementMap":{"0":{"start":{"line":1,"column":0},"end":{"line":1,"column":44}},"1":{"start":{"line":2,"column":0},"end":{"line":2,"column":47}},"2":{"start":{"line":3,"column":0},"end":{"line":3,"column":33}},"3":{"start":{"line":8,"column":0},"end":{"line":27,"column":null}},"4":{"start":{"line":10,"column":54},"end":{"line":10,"column":61}},"5":{"start":{"line":13,"column":8},"end":{"line":14,"column":63}},"6":{"start":{"line":14,"column":12},"end":{"line":14,"column":63}},"7":{"start":{"line":16,"column":8},"end":{"line":16,"column":46}},"8":{"start":{"line":20,"column":8},"end":{"line":20,"column":45}},"9":{"start":{"line":24,"column":8},"end":{"line":24,"column":48}},"10":{"start":{"line":8,"column":13},"end":{"line":27,"column":null}},"11":{"start":{"line":8,"column":13},"end":{"line":8,"column":24}}},"fnMap":{"0":{"name":"(anonymous_4)","decl":{"start":{"line":10,"column":4},"end":{"line":10,"column":17}},"loc":{"start":{"line":10,"column":72},"end":{"line":10,"column":77}}},"1":{"name":"(anonymous_5)","decl":{"start":{"line":12,"column":4},"end":{"line":12,"column":9}},"loc":{"start":{"line":12,"column":30},"end":{"line":17,"column":5}}},"2":{"name":"(anonymous_6)","decl":{"start":{"line":19,"column":4},"end":{"line":19,"column":9}},"loc":{"start":{"line":19,"column":30},"end":{"line":21,"column":5}}},"3":{"name":"(anonymous_7)","decl":{"start":{"line":23,"column":4},"end":{"line":23,"column":9}},"loc":{"start":{"line":23,"column":27},"end":{"line":25,"column":5}}}},"branchMap":{"0":{"loc":{"start":{"line":13,"column":8},"end":{"line":14,"column":63}},"type":"if","locations":[{"start":{"line":13,"column":8},"end":{"line":14,"column":63}},{"start":{"line":13,"column":8},"end":{"line":14,"column":63}}]}},"s":{"0":1,"1":1,"2":1,"3":1,"4":0,"5":0,"6":0,"7":0,"8":0,"9":0,"10":1,"11":1},"f":{"0":0,"1":0,"2":0,"3":0},"b":{"0":[0,0]}}
}
