TN:
SF:C:\Sources\desafio.bossabox\src\api.ts
FNF:0
FNH:0
DA:1,1
LF:1
LH:1
BRF:0
BRH:0
end_of_record
TN:
SF:C:\Sources\desafio.bossabox\src\app.controller.ts
FN:6,(anonymous_2)
FN:9,(anonymous_3)
FNF:2
FNH:2
FNDA:1,(anonymous_2)
FNDA:1,(anonymous_3)
DA:1,1
DA:2,1
DA:5,1
DA:6,1
DA:9,1
DA:10,1
LF:6
LH:6
BRF:0
BRH:0
end_of_record
TN:
SF:C:\Sources\desafio.bossabox\src\app.service.ts
FN:6,(anonymous_1)
FNF:1
FNH:1
FNDA:1,(anonymous_1)
DA:1,1
DA:2,1
DA:5,1
DA:7,1
LF:4
LH:4
BRF:0
BRH:0
end_of_record
TN:
SF:C:\Sources\desafio.bossabox\src\tool\tool.controller.ts
FN:8,(anonymous_4)
FN:11,(anonymous_5)
FN:17,(anonymous_6)
FN:22,(anonymous_7)
FNF:4
FNH:2
FNDA:3,(anonymous_4)
FNDA:2,(anonymous_5)
FNDA:0,(anonymous_6)
FNDA:0,(anonymous_7)
DA:1,1
DA:2,1
DA:4,1
DA:7,1
DA:8,3
DA:11,1
DA:12,2
DA:13,2
DA:17,1
DA:18,0
DA:22,1
DA:23,0
LF:12
LH:10
BRF:0
BRH:0
end_of_record
TN:
SF:C:\Sources\desafio.bossabox\src\tool\tool.dto.ts
FNF:0
FNH:0
DA:1,1
DA:3,1
DA:6,1
DA:9,1
DA:12,1
DA:15,1
LF:6
LH:6
BRF:0
BRH:0
end_of_record
TN:
SF:C:\Sources\desafio.bossabox\src\tool\tool.service.factory.ts
FN:8,(anonymous_0)
FNF:1
FNH:1
FNDA:2,(anonymous_0)
DA:1,1
DA:6,1
DA:9,2
DA:10,1
DA:12,1
LF:5
LH:5
BRDA:9,0,0,1
BRDA:9,0,1,1
BRF:2
BRH:2
end_of_record
TN:
SF:C:\Sources\desafio.bossabox\src\tool\tool.service.ts
FN:10,(anonymous_4)
FN:12,(anonymous_5)
FN:19,(anonymous_6)
FN:23,(anonymous_7)
FNF:4
FNH:0
FNDA:0,(anonymous_4)
FNDA:0,(anonymous_5)
FNDA:0,(anonymous_6)
FNDA:0,(anonymous_7)
DA:1,1
DA:2,1
DA:3,1
DA:8,1
DA:10,0
DA:13,0
DA:14,0
DA:16,0
DA:20,0
DA:24,0
LF:10
LH:4
BRDA:13,0,0,0
BRDA:13,0,1,0
BRF:2
BRH:0
end_of_record
